<?xml version="1.0" encoding="UTF-8"?>
<!-- Generated by org.testng.reporters.JUnitXMLReporter -->
<testsuite ignored="1" hostname="DESKTOP-0U7543P" failures="0" tests="3" name="Test" time="0.173" errors="0" timestamp="2024-01-24T12:04:52 IST">
  <testcase classname="com.mvntestpractice.mvn1test" name="demo1Test" time="0.02"/>
  <testcase classname="com.mvntestpractice.mvn1test" name="demo2Test" time="0.004"/>
  <testcase classname="com.mvntestpractice.Mvn2test" name="demo3Test" time="0.004"/>
  <testcase classname="com.mvntestpractice.Mvn2test" name="demo4Test" time="0.0">
    <ignored/>
  </testcase> <!-- demo4Test -->
</testsuite> <!-- Test -->
