<?xml version="1.0" encoding="UTF-8"?>
<testng-results ignored="1" total="4" passed="3" failed="0" skipped="0">
  <reporter-output>
  </reporter-output>
  <suite started-at="2024-01-24T12:04:52 IST" name="Suite" finished-at="2024-01-24T12:04:52 IST" duration-ms="173">
    <groups>
      <group name="smoke">
        <method signature="Mvn2test.demo3Test()[pri:0, instance:com.mvntestpractice.Mvn2test@6892b3b6]" name="demo3Test" class="com.mvntestpractice.Mvn2test"/>
        <method signature="mvn1test.demo1Test()[pri:0, instance:com.mvntestpractice.mvn1test@63376bed]" name="demo1Test" class="com.mvntestpractice.mvn1test"/>
        <method signature="mvn1test.demo2Test()[pri:0, instance:com.mvntestpractice.mvn1test@63376bed]" name="demo2Test" class="com.mvntestpractice.mvn1test"/>
      </group> <!-- smoke -->
    </groups>
    <test started-at="2024-01-24T12:04:52 IST" name="Test" finished-at="2024-01-24T12:04:52 IST" duration-ms="173">
      <class name="com.mvntestpractice.Mvn2test">
        <test-method signature="demo3Test()[pri:0, instance:com.mvntestpractice.Mvn2test@6892b3b6]" started-at="2024-01-24T12:04:52 IST" name="demo3Test" finished-at="2024-01-24T12:04:52 IST" duration-ms="4" status="PASS">
          <reporter-output>
          </reporter-output>
        </test-method> <!-- demo3Test -->
      </class> <!-- com.mvntestpractice.Mvn2test -->
      <class name="com.mvntestpractice.mvn1test">
        <test-method signature="demo1Test()[pri:0, instance:com.mvntestpractice.mvn1test@63376bed]" started-at="2024-01-24T12:04:52 IST" name="demo1Test" finished-at="2024-01-24T12:04:52 IST" duration-ms="20" status="PASS">
          <reporter-output>
          </reporter-output>
        </test-method> <!-- demo1Test -->
        <test-method signature="demo2Test()[pri:0, instance:com.mvntestpractice.mvn1test@63376bed]" started-at="2024-01-24T12:04:52 IST" name="demo2Test" finished-at="2024-01-24T12:04:52 IST" duration-ms="4" status="PASS">
          <reporter-output>
          </reporter-output>
        </test-method> <!-- demo2Test -->
      </class> <!-- com.mvntestpractice.mvn1test -->
    </test> <!-- Test -->
  </suite> <!-- Suite -->
</testng-results>
